This is pdfTeX, Version 3.141592653-2.6-1.40.26 (TeX Live 2024) (preloaded format=pdflatex 2024.6.9)  17 JUN 2024 03:07
entering extended mode
 restricted \write18 enabled.
 %&-line parsing enabled.
**riemann.tex
(./riemann.tex
LaTeX2e <2024-06-01>
L3 programming layer <2024-05-27>

(/home/blogtrai/Downloads/Apps/SDKs/Latex/texmf-dist/tex/latex/base/article.cls
Document Class: article 2024/02/08 v1.4n Standard LaTeX document class
(/home/blogtrai/Downloads/Apps/SDKs/Latex/texmf-dist/tex/latex/base/size11.clo
File: size11.clo 2024/02/08 v1.4n Standard LaTeX file (size option)
)
\c@part=\count194
\c@section=\count195
\c@subsection=\count196
\c@subsubsection=\count197
\c@paragraph=\count198
\c@subparagraph=\count199
\c@figure=\count266
\c@table=\count267
\abovecaptionskip=\skip49
\belowcaptionskip=\skip50
\bibindent=\dimen141
)
(/home/blogtrai/Downloads/Apps/SDKs/Latex/texmf-dist/tex/latex/base/fontenc.sty
Package: fontenc 2021/04/29 v2.0v Standard LaTeX package
)
(/home/blogtrai/Downloads/Apps/SDKs/Latex/texmf-dist/tex/latex/tools/indentfirs
t.sty
Package: indentfirst 2023/07/02 v1.03 Indent first paragraph (DPC)
)
(/home/blogtrai/Downloads/Apps/SDKs/Latex/texmf-dist/tex/latex/section/section.
sty
`section.sty' <1.4>
\secindent=\dimen142
\secpreskp=\skip51
\secpstskp=\skip52
\subindent=\dimen143
\subpreskp=\skip53
\subpstskp=\skip54
\parpstskp=\skip55
\c@hddepth=\count268
)
(/home/blogtrai/Downloads/Apps/SDKs/Latex/texmf-dist/tex/latex/graphics/graphic
x.sty
Package: graphicx 2021/09/16 v1.2d Enhanced LaTeX Graphics (DPC,SPQR)

(/home/blogtrai/Downloads/Apps/SDKs/Latex/texmf-dist/tex/latex/graphics/keyval.
sty
Package: keyval 2022/05/29 v1.15 key=value parser (DPC)
\KV@toks@=\toks17
)
(/home/blogtrai/Downloads/Apps/SDKs/Latex/texmf-dist/tex/latex/graphics/graphic
s.sty
Package: graphics 2024/05/23 v1.4g Standard LaTeX Graphics (DPC,SPQR)

(/home/blogtrai/Downloads/Apps/SDKs/Latex/texmf-dist/tex/latex/graphics/trig.st
y
Package: trig 2023/12/02 v1.11 sin cos tan (DPC)
)
(/home/blogtrai/Downloads/Apps/SDKs/Latex/texmf-dist/tex/latex/graphics-cfg/gra
phics.cfg
File: graphics.cfg 2016/06/04 v1.11 sample graphics configuration
)
Package graphics Info: Driver file: pdftex.def on input line 106.

(/home/blogtrai/Downloads/Apps/SDKs/Latex/texmf-dist/tex/latex/graphics-def/pdf
tex.def
File: pdftex.def 2024/04/13 v1.2c Graphics/color driver for pdftex
))
\Gin@req@height=\dimen144
\Gin@req@width=\dimen145
)
(/home/blogtrai/Downloads/Apps/SDKs/Latex/texmf-dist/tex/latex/physics/physics.
sty
Package: physics 

(/home/blogtrai/Downloads/Apps/SDKs/Latex/texmf-dist/tex/latex/l3packages/xpars
e/xparse.sty
(/home/blogtrai/Downloads/Apps/SDKs/Latex/texmf-dist/tex/latex/l3kernel/expl3.s
ty
Package: expl3 2024-05-27 L3 programming layer (loader) 

(/home/blogtrai/Downloads/Apps/SDKs/Latex/texmf-dist/tex/latex/l3backend/l3back
end-pdftex.def
File: l3backend-pdftex.def 2024-05-08 L3 backend support: PDF output (pdfTeX)
\l__color_backend_stack_int=\count269
\l__pdf_internal_box=\box52
))
Package: xparse 2024-05-08 L3 Experimental document command parser
)
(/home/blogtrai/Downloads/Apps/SDKs/Latex/texmf-dist/tex/latex/amsmath/amsmath.
sty
Package: amsmath 2024/05/23 v2.17q AMS math features
\@mathmargin=\skip56

For additional information on amsmath, use the `?' option.

(/home/blogtrai/Downloads/Apps/SDKs/Latex/texmf-dist/tex/latex/amsmath/amstext.
sty
Package: amstext 2021/08/26 v2.01 AMS text

(/home/blogtrai/Downloads/Apps/SDKs/Latex/texmf-dist/tex/latex/amsmath/amsgen.s
ty
File: amsgen.sty 1999/11/30 v2.0 generic functions
\@emptytoks=\toks18
\ex@=\dimen146
))
(/home/blogtrai/Downloads/Apps/SDKs/Latex/texmf-dist/tex/latex/amsmath/amsbsy.s
ty
Package: amsbsy 1999/11/29 v1.2d Bold Symbols
\pmbraise@=\dimen147
)
(/home/blogtrai/Downloads/Apps/SDKs/Latex/texmf-dist/tex/latex/amsmath/amsopn.s
ty
Package: amsopn 2022/04/08 v2.04 operator names
)
\inf@bad=\count270
LaTeX Info: Redefining \frac on input line 233.
\uproot@=\count271
\leftroot@=\count272
LaTeX Info: Redefining \overline on input line 398.
LaTeX Info: Redefining \colon on input line 409.
\classnum@=\count273
\DOTSCASE@=\count274
LaTeX Info: Redefining \ldots on input line 495.
LaTeX Info: Redefining \dots on input line 498.
LaTeX Info: Redefining \cdots on input line 619.
\Mathstrutbox@=\box53
\strutbox@=\box54
LaTeX Info: Redefining \big on input line 721.
LaTeX Info: Redefining \Big on input line 722.
LaTeX Info: Redefining \bigg on input line 723.
LaTeX Info: Redefining \Bigg on input line 724.
\big@size=\dimen148
LaTeX Font Info:    Redeclaring font encoding OML on input line 742.
LaTeX Font Info:    Redeclaring font encoding OMS on input line 743.
\macc@depth=\count275
LaTeX Info: Redefining \bmod on input line 904.
LaTeX Info: Redefining \pmod on input line 909.
LaTeX Info: Redefining \smash on input line 939.
LaTeX Info: Redefining \relbar on input line 969.
LaTeX Info: Redefining \Relbar on input line 970.
\c@MaxMatrixCols=\count276
\dotsspace@=\muskip17
\c@parentequation=\count277
\dspbrk@lvl=\count278
\tag@help=\toks19
\row@=\count279
\column@=\count280
\maxfields@=\count281
\andhelp@=\toks20
\eqnshift@=\dimen149
\alignsep@=\dimen150
\tagshift@=\dimen151
\tagwidth@=\dimen152
\totwidth@=\dimen153
\lineht@=\dimen154
\@envbody=\toks21
\multlinegap=\skip57
\multlinetaggap=\skip58
\mathdisplay@stack=\toks22
LaTeX Info: Redefining \[ on input line 2953.
LaTeX Info: Redefining \] on input line 2954.
))
(/home/blogtrai/Downloads/Apps/SDKs/Latex/texmf-dist/tex/latex/scalerel/scalere
l.sty
Package: scalerel 2016/12/29 v1.8 Routines for constrained scaling and stretchi
ng of objects, relative to a reference object or in absolute terms

(/home/blogtrai/Downloads/Apps/SDKs/Latex/texmf-dist/tex/latex/tools/calc.sty
Package: calc 2023/07/08 v4.3 Infix arithmetic (KKT,FJ)
\calc@Acount=\count282
\calc@Bcount=\count283
\calc@Adimen=\dimen155
\calc@Bdimen=\dimen156
\calc@Askip=\skip59
\calc@Bskip=\skip60
LaTeX Info: Redefining \setlength on input line 80.
LaTeX Info: Redefining \addtolength on input line 81.
\calc@Ccount=\count284
\calc@Cskip=\skip61
)
(/home/blogtrai/Downloads/Apps/SDKs/Latex/texmf-dist/tex/latex/etoolbox/etoolbo
x.sty
Package: etoolbox 2020/10/05 v2.5k e-TeX tools for LaTeX (JAW)
\etb@tempcnta=\count285
)
\thesrwidth=\skip62
\thesrheight=\skip63
\srblobheight=\skip64
\srblobdepth=\skip65
\mnxsrwidth=\skip66
\LMex=\skip67
\LMpt=\skip68
)
(/home/blogtrai/Downloads/Apps/SDKs/Latex/texmf-dist/tex/latex/amsfonts/amssymb
.sty
Package: amssymb 2013/01/14 v3.01 AMS font symbols

(/home/blogtrai/Downloads/Apps/SDKs/Latex/texmf-dist/tex/latex/amsfonts/amsfont
s.sty
Package: amsfonts 2013/01/14 v3.01 Basic AMSFonts support
\symAMSa=\mathgroup4
\symAMSb=\mathgroup5
LaTeX Font Info:    Redeclaring math symbol \hbar on input line 98.
LaTeX Font Info:    Overwriting math alphabet `\mathfrak' in version `bold'
(Font)                  U/euf/m/n --> U/euf/b/n on input line 106.
)) (./riemann.aux)
\openout1 = `riemann.aux'.

LaTeX Font Info:    Checking defaults for OML/cmm/m/it on input line 16.
LaTeX Font Info:    ... okay on input line 16.
LaTeX Font Info:    Checking defaults for OMS/cmsy/m/n on input line 16.
LaTeX Font Info:    ... okay on input line 16.
LaTeX Font Info:    Checking defaults for OT1/cmr/m/n on input line 16.
LaTeX Font Info:    ... okay on input line 16.
LaTeX Font Info:    Checking defaults for T1/cmr/m/n on input line 16.
LaTeX Font Info:    ... okay on input line 16.
LaTeX Font Info:    Checking defaults for TS1/cmr/m/n on input line 16.
LaTeX Font Info:    ... okay on input line 16.
LaTeX Font Info:    Checking defaults for OMX/cmex/m/n on input line 16.
LaTeX Font Info:    ... okay on input line 16.
LaTeX Font Info:    Checking defaults for U/cmr/m/n on input line 16.
LaTeX Font Info:    ... okay on input line 16.

(/home/blogtrai/Downloads/Apps/SDKs/Latex/texmf-dist/tex/context/base/mkii/supp
-pdf.mkii
[Loading MPS to PDF converter (version 2006.09.02).]
\scratchcounter=\count286
\scratchdimen=\dimen157
\scratchbox=\box55
\nofMPsegments=\count287
\nofMParguments=\count288
\everyMPshowfont=\toks23
\MPscratchCnt=\count289
\MPscratchDim=\dimen158
\MPnumerator=\count290
\makeMPintoPDFobject=\count291
\everyMPtoPDFconversion=\toks24
)
(/home/blogtrai/Downloads/Apps/SDKs/Latex/texmf-dist/tex/latex/epstopdf-pkg/eps
topdf-base.sty
Package: epstopdf-base 2020-01-24 v2.11 Base part for package epstopdf
Package epstopdf-base Info: Redefining graphics rule for `.eps' on input line 4
85.

(/home/blogtrai/Downloads/Apps/SDKs/Latex/texmf-dist/tex/latex/latexconfig/epst
opdf-sys.cfg
File: epstopdf-sys.cfg 2010/07/13 v1.3 Configuration of (r)epstopdf for TeX Liv
e
))
LaTeX Font Info:    Trying to load font information for U+msa on input line 17.


(/home/blogtrai/Downloads/Apps/SDKs/Latex/texmf-dist/tex/latex/amsfonts/umsa.fd
File: umsa.fd 2013/01/14 v3.01 AMS symbols A
)
LaTeX Font Info:    Trying to load font information for U+msb on input line 17.


(/home/blogtrai/Downloads/Apps/SDKs/Latex/texmf-dist/tex/latex/amsfonts/umsb.fd
File: umsb.fd 2013/01/14 v3.01 AMS symbols B
) (./riemann.toc

[1

{/home/blogtrai/Downloads/Apps/SDKs/Latex/texmf-var/fonts/map/pdftex/updmap/pdf
tex.map}{/home/blogtrai/Downloads/Apps/SDKs/Latex/texmf-dist/fonts/enc/dvips/cm
-super/cm-super-t1.enc}])
\tf@toc=\write3
\openout3 = `riemann.toc'.



[2]

[3{/home/blogtrai/Downloads/Apps/SDKs/Latex/texmf-dist/fonts/enc/dvips/cm-super
/cm-super-ts1.enc}]
<./Fig41_sphere.png, id=21, 401.5pt x 366.36874pt>
File: ./Fig41_sphere.png Graphic file (type png)
<use ./Fig41_sphere.png>
Package pdftex.def Info: ./Fig41_sphere.png  used on input line 44.
(pdftex.def)             Requested size: 140.5271pt x 128.23097pt.


[4 <./Fig41_sphere.png>]
<./Fig66_coordinate.png, id=27, 505.89pt x 184.69pt>
File: ./Fig66_coordinate.png Graphic file (type png)
<use ./Fig66_coordinate.png>
Package pdftex.def Info: ./Fig66_coordinate.png  used on input line 59.
(pdftex.def)             Requested size: 379.41655pt x 138.51714pt.

Overfull \hbox (19.41655pt too wide) in paragraph at lines 59--60
 [] 
 []

<./ds2d.png, id=28, 614.295pt x 64.24pt>
File: ./ds2d.png Graphic file (type png)
<use ./ds2d.png>
Package pdftex.def Info: ./ds2d.png  used on input line 63.
(pdftex.def)             Requested size: 245.71364pt x 25.69554pt.
<./G2d.png, id=29, 429.605pt x 109.40875pt>
File: ./G2d.png Graphic file (type png)
<use ./G2d.png>
Package pdftex.def Info: ./G2d.png  used on input line 67.
(pdftex.def)             Requested size: 171.83894pt x 43.76271pt.
<./ds23d.png, id=30, 700.6175pt x 131.49126pt>
File: ./ds23d.png Graphic file (type png)
<use ./ds23d.png>
Package pdftex.def Info: ./ds23d.png  used on input line 71.
(pdftex.def)             Requested size: 280.24203pt x 52.59557pt.
<./G3d.png, id=31, 639.38875pt x 128.48pt>
File: ./G3d.png Graphic file (type png)
<use ./G3d.png>
Package pdftex.def Info: ./G3d.png  used on input line 75.
(pdftex.def)             Requested size: 223.78941pt x 44.96866pt.


[5 <./Fig66_coordinate.png> <./ds2d.png> <./G2d.png> <./ds23d.png>]
<./finitebutinfinite.png, id=41, 805.0075pt x 224.84pt>
File: ./finitebutinfinite.png Graphic file (type png)
<use ./finitebutinfinite.png>
Package pdftex.def Info: ./finitebutinfinite.png  used on input line 80.
(pdftex.def)             Requested size: 281.75685pt x 78.69518pt.
<./klei3d.png, id=42, 683.55376pt x 686.565pt>
File: ./klei3d.png Graphic file (type png)
<use ./klei3d.png>
Package pdftex.def Info: ./klei3d.png  used on input line 84.
(pdftex.def)             Requested size: 239.24739pt x 240.30135pt.


[6 <./G3d.png> <./finitebutinfinite.png> <./klei3d.png>]
<./riemann_form.png, id=49, 294.09875pt x 70.2625pt>
File: ./riemann_form.png Graphic file (type png)
<use ./riemann_form.png>
Package pdftex.def Info: ./riemann_form.png  used on input line 92.
(pdftex.def)             Requested size: 102.9361pt x 24.59222pt.


[7 <./riemann_form.png>]
<./time_model1.png, id=56, 476.78125pt x 740.7675pt>
File: ./time_model1.png Graphic file (type png)
<use ./time_model1.png>
Package pdftex.def Info: ./time_model1.png  used on input line 117.
(pdftex.def)             Requested size: 476.78008pt x 740.76569pt.


[8 <./time_model1.png>]
<./InertialFrame.png, id=63, 447.6725pt x 79.29625pt>
File: ./InertialFrame.png Graphic file (type png)
<use ./InertialFrame.png>
Package pdftex.def Info: ./InertialFrame.png  used on input line 125.
(pdftex.def)             Requested size: 179.06583pt x 31.71793pt.


[9 <./InertialFrame.png>]

[10]
<./rie_chang_1.png, id=72, 449.68pt x 68.255pt>
File: ./rie_chang_1.png Graphic file (type png)
<use ./rie_chang_1.png>
Package pdftex.def Info: ./rie_chang_1.png  used on input line 159.
(pdftex.def)             Requested size: 179.8688pt x 27.3015pt.


[11 <./rie_chang_1.png>]
<./Vi_diff.png, id=79, 525.965pt x 113.42375pt>
File: ./Vi_diff.png Graphic file (type png)
<use ./Vi_diff.png>
Package pdftex.def Info: ./Vi_diff.png  used on input line 175.
(pdftex.def)             Requested size: 105.19113pt x 22.68434pt.
<./deriva_O_teno.png, id=80, 297.11pt x 69.25874pt>
File: ./deriva_O_teno.png Graphic file (type png)
<use ./deriva_O_teno.png>
Package pdftex.def Info: ./deriva_O_teno.png  used on input line 179.
(pdftex.def)             Requested size: 103.99005pt x 24.2409pt.
<./driva_cova_vec.png, id=81, 446.66875pt x 63.23625pt>
File: ./driva_cova_vec.png Graphic file (type png)
<use ./driva_cova_vec.png>
Package pdftex.def Info: ./driva_cova_vec.png  used on input line 183.
(pdftex.def)             Requested size: 223.33382pt x 31.61804pt.


[12 <./Vi_diff.png> <./deriva_O_teno.png> <./driva_cova_vec.png>]

[13]
<./bianchi_sl.png, id=93, 266.9975pt x 35.13126pt>
File: ./bianchi_sl.png Graphic file (type png)
<use ./bianchi_sl.png>
Package pdftex.def Info: ./bianchi_sl.png  used on input line 248.
(pdftex.def)             Requested size: 133.49841pt x 17.56557pt.
<./tor_fre_bian.png, id=94, 122.4575pt x 39.14626pt>
File: ./tor_fre_bian.png Graphic file (type png)
<use ./tor_fre_bian.png>
Package pdftex.def Info: ./tor_fre_bian.png  used on input line 252.
(pdftex.def)             Requested size: 61.22859pt x 19.57307pt.


[14 <./bianchi_sl.png> <./tor_fre_bian.png>]
<./neton_limit.png, id=100, 341.275pt x 127.47626pt>
File: ./neton_limit.png Graphic file (type png)
<use ./neton_limit.png>
Package pdftex.def Info: ./neton_limit.png  used on input line 285.
(pdftex.def)             Requested size: 170.63707pt x 63.73796pt.


[15 <./neton_limit.png>]
<./con_close.png, id=105, 357.335pt x 203.76125pt>
File: ./con_close.png Graphic file (type png)
<use ./con_close.png>
Package pdftex.def Info: ./con_close.png  used on input line 300.
(pdftex.def)             Requested size: 178.66705pt x 101.88037pt.

Underfull \hbox (badness 10000) in paragraph at lines 304--306

 []



[16 <./con_close.png>]
Overfull \hbox (11.60071pt too wide) in paragraph at lines 316--316
[]\T1/cmr/bx/n/14.4 Comparison with Other Math-e-mat-i-cal Frame-works 
 []

<./hyper_space.png, id=110, 556.0775pt x 241.90375pt>
File: ./hyper_space.png Graphic file (type png)
<use ./hyper_space.png>
Package pdftex.def Info: ./hyper_space.png  used on input line 320.
(pdftex.def)             Requested size: 278.03807pt x 120.95157pt.


[17 <./hyper_space.png>]
<./lih_cone.png, id=115, 381.425pt x 291.0875pt>
File: ./lih_cone.png Graphic file (type png)
<use ./lih_cone.png>
Package pdftex.def Info: ./lih_cone.png  used on input line 327.
(pdftex.def)             Requested size: 190.71202pt x 145.54338pt.
<./lih_cone_time.png, id=116, 375.4025pt x 288.07625pt>
File: ./lih_cone_time.png Graphic file (type png)
<use ./lih_cone_time.png>
Package pdftex.def Info: ./lih_cone_time.png  used on input line 333.
(pdftex.def)             Requested size: 187.70079pt x 144.03777pt.


[18 <./lih_cone.png> <./lih_cone_time.png>]

[19]

[20] (./riemann.aux)
 ***********
LaTeX2e <2024-06-01>
L3 programming layer <2024-05-27>
 ***********
 ) 
Here is how much of TeX's memory you used:
 4087 strings out of 473600
 58849 string characters out of 5720158
 1935891 words of memory out of 5000000
 26915 multiletter control sequences out of 15000+600000
 575800 words of font info for 78 fonts, out of 8000000 for 9000
 1141 hyphenation exceptions out of 8191
 79i,7n,93p,1934b,251s stack positions out of 10000i,1000n,20000p,200000b,200000s
</home/blogtrai/Downloads/Apps/SDKs/Latex/texmf-dist/fonts/type1/public/amsfo
nts/cm/cmmi10.pfb></home/blogtrai/Downloads/Apps/SDKs/Latex/texmf-dist/fonts/ty
pe1/public/amsfonts/cm/cmmi6.pfb></home/blogtrai/Downloads/Apps/SDKs/Latex/texm
f-dist/fonts/type1/public/amsfonts/cm/cmmi8.pfb></home/blogtrai/Downloads/Apps/
SDKs/Latex/texmf-dist/fonts/type1/public/amsfonts/cm/cmr10.pfb></home/blogtrai/
Downloads/Apps/SDKs/Latex/texmf-dist/fonts/type1/public/amsfonts/cm/cmr6.pfb></
home/blogtrai/Downloads/Apps/SDKs/Latex/texmf-dist/fonts/type1/public/amsfonts/
cm/cmr8.pfb></home/blogtrai/Downloads/Apps/SDKs/Latex/texmf-dist/fonts/type1/pu
blic/amsfonts/cm/cmsy10.pfb></home/blogtrai/Downloads/Apps/SDKs/Latex/texmf-dis
t/fonts/type1/public/amsfonts/cm/cmsy6.pfb></home/blogtrai/Downloads/Apps/SDKs/
Latex/texmf-dist/fonts/type1/public/amsfonts/cm/cmsy8.pfb></home/blogtrai/Downl
oads/Apps/SDKs/Latex/texmf-dist/fonts/type1/public/amsfonts/symbols/msam10.pfb>
</home/blogtrai/Downloads/Apps/SDKs/Latex/texmf-dist/fonts/type1/public/cm-supe
r/sfbx1095.pfb></home/blogtrai/Downloads/Apps/SDKs/Latex/texmf-dist/fonts/type1
/public/cm-super/sfbx1200.pfb></home/blogtrai/Downloads/Apps/SDKs/Latex/texmf-d
ist/fonts/type1/public/cm-super/sfbx1440.pfb></home/blogtrai/Downloads/Apps/SDK
s/Latex/texmf-dist/fonts/type1/public/cm-super/sfrm1095.pfb></home/blogtrai/Dow
nloads/Apps/SDKs/Latex/texmf-dist/fonts/type1/public/cm-super/sfrm1200.pfb></ho
me/blogtrai/Downloads/Apps/SDKs/Latex/texmf-dist/fonts/type1/public/cm-super/sf
rm1728.pfb></home/blogtrai/Downloads/Apps/SDKs/Latex/texmf-dist/fonts/type1/pub
lic/cm-super/sfti1095.pfb>
Output written on riemann.pdf (20 pages, 702436 bytes).
PDF statistics:
 205 PDF objects out of 1000 (max. 8388607)
 102 compressed objects within 2 object streams
 0 named destinations out of 1000 (max. 500000)
 111 words of extra memory for PDF output out of 10000 (max. 10000000)

